Using pre-set license
Built from '2021.1/release' branch; Version is '2021.1.0f1 (61a549675243) revision 6399305'; Using compiler version '192528614'; Build Type 'Release'
OS: 'Windows 10 Education; OS build 18363.1500; Version 1909; 64bit' Language: 'es' Physical Memory: 16311 MB
BatchMode: 1, IsHumanControllingUs: 0, StartBugReporterOnCrash: 0, Is64bit: 1, IsPro: 0

 COMMAND LINE ARGUMENTS:
C:\Program Files\Unity 2021.1.0f1\Editor\Unity.exe
-adb2
-batchMode
-noUpm
-name
AssetImportWorker0
-projectPath
D:/PSullivan/Documents/Uni/5o/TFG-Videojuegos/Mentally
-logFile
Logs/AssetImportWorker0.log
-srvPort
65192
Successfully changed project path to: D:/PSullivan/Documents/Uni/5o/TFG-Videojuegos/Mentally
D:/PSullivan/Documents/Uni/5o/TFG-Videojuegos/Mentally
Using Asset Import Pipeline V2.
Refreshing native plugins compatible for Editor in 69.12 ms, found 1 plugins.
Preloading 0 native plugins for Editor in 0.00 ms.
Initialize engine version: 2021.1.0f1 (61a549675243)
[Subsystems] Discovering subsystems at path C:/Program Files/Unity 2021.1.0f1/Editor/Data/Resources/UnitySubsystems
[Subsystems] Discovering subsystems at path D:/PSullivan/Documents/Uni/5o/TFG-Videojuegos/Mentally/Assets
GfxDevice: creating device client; threaded=0; jobified=0
Direct3D:
    Version:  Direct3D 11.0 [level 11.1]
    Renderer: NVIDIA GeForce RTX 2060 (ID=0x1f08)
    Vendor:   NVIDIA
    VRAM:     5980 MB
    Driver:   27.21.14.5671
Initialize mono
Mono path[0] = 'C:/Program Files/Unity 2021.1.0f1/Editor/Data/Managed'
Mono path[1] = 'C:/Program Files/Unity 2021.1.0f1/Editor/Data/MonoBleedingEdge/lib/mono/unityjit'
Mono config path = 'C:/Program Files/Unity 2021.1.0f1/Editor/Data/MonoBleedingEdge/etc'
Using monoOptions --debugger-agent=transport=dt_socket,embedding=1,server=y,suspend=n,address=127.0.0.1:56776
Begin MonoManager ReloadAssembly
Registering precompiled unity dll's ...
Register platform support module: C:/Program Files/Unity 2021.1.0f1/Editor/Data/PlaybackEngines/WindowsStandaloneSupport/UnityEditor.WindowsStandalone.Extensions.dll
Registered in 0.002047 seconds.
Native extension for WindowsStandalone target not found
Refreshing native plugins compatible for Editor in 78.29 ms, found 1 plugins.
Preloading 0 native plugins for Editor in 0.00 ms.
Mono: successfully reloaded assembly
- Completed reload, in  1.392 seconds
Platform modules already initialized, skipping
Registering precompiled user dll's ...
Registered in 0.004582 seconds.
Begin MonoManager ReloadAssembly
Native extension for WindowsStandalone target not found
Refreshing native plugins compatible for Editor in 0.52 ms, found 1 plugins.
Preloading 0 native plugins for Editor in 0.00 ms.
Mono: successfully reloaded assembly
- Completed reload, in  0.900 seconds
Platform modules already initialized, skipping
========================================================================
Worker process is ready to serve import requests
Launched and connected shader compiler UnityShaderCompiler.exe after 0.06 seconds
Refreshing native plugins compatible for Editor in 0.47 ms, found 1 plugins.
Preloading 0 native plugins for Editor in 0.00 ms.
Unloading 2725 Unused Serialized files (Serialized files now loaded: 0)
System memory in use before: 104.2 MB.
System memory in use after: 104.1 MB.

Unloading 16 unused Assets to reduce memory usage. Loaded Objects now: 3177.
Total: 2.238700 ms (FindLiveObjects: 0.213400 ms CreateObjectMapping: 0.133700 ms MarkObjects: 1.684100 ms  DeleteObjects: 0.206200 ms)

========================================================================
Received Import Request.
  path: Assets/Cakes.fbx
  artifactKey: Guid(375c55ce8e430a34f9bd4c4045bd55a0) Importer(815301076,1909f56bfc062723c751e8b465ee728b)
Start importing Assets/Cakes.fbx using Guid(375c55ce8e430a34f9bd4c4045bd55a0) Importer(815301076,1909f56bfc062723c751e8b465ee728b)  -> (artifact id: 'fe1e834c6b3ed71db75d2e9500597cf9') in 0.234038 seconds 
========================================================================
Received Import Request.
  Time since last request: 305.554176 seconds.
  path: Assets/Scenes/Materials/Textures/Caketext.png
  artifactKey: Guid(78c3ed8a484d1f24f818b2a783cbb342) Importer(815301076,1909f56bfc062723c751e8b465ee728b)
Start importing Assets/Scenes/Materials/Textures/Caketext.png using Guid(78c3ed8a484d1f24f818b2a783cbb342) Importer(815301076,1909f56bfc062723c751e8b465ee728b)  -> (artifact id: '350666c4a378c2b6643525c5e4ba5907') in 0.036596 seconds 
========================================================================
Received Import Request.
  Time since last request: 17.179401 seconds.
  path: Assets/Scenes/Materials/Textures/Cake.mat
  artifactKey: Guid(924701a7f8eb6f74b80156948031cc0d) Importer(815301076,1909f56bfc062723c751e8b465ee728b)
Start importing Assets/Scenes/Materials/Textures/Cake.mat using Guid(924701a7f8eb6f74b80156948031cc0d) Importer(815301076,1909f56bfc062723c751e8b465ee728b)  -> (artifact id: '17b88817a573e9a8dd894c7735a72a94') in 0.035900 seconds 
========================================================================
Received Prepare
Registering precompiled user dll's ...
Registered in 0.003778 seconds.
Begin MonoManager ReloadAssembly
Native extension for WindowsStandalone target not found
Refreshing native plugins compatible for Editor in 0.53 ms, found 1 plugins.
Preloading 0 native plugins for Editor in 0.00 ms.
Mono: successfully reloaded assembly
- Completed reload, in  0.827 seconds
Platform modules already initialized, skipping
Refreshing native plugins compatible for Editor in 0.49 ms, found 1 plugins.
Preloading 0 native plugins for Editor in 0.00 ms.
Unloading 2702 Unused Serialized files (Serialized files now loaded: 0)
System memory in use before: 107.9 MB.
System memory in use after: 107.8 MB.

Unloading 12 unused Assets to reduce memory usage. Loaded Objects now: 3239.
Total: 2.047300 ms (FindLiveObjects: 0.220800 ms CreateObjectMapping: 0.142600 ms MarkObjects: 1.504200 ms  DeleteObjects: 0.178400 ms)

========================================================================
Received Prepare
Registering precompiled user dll's ...
Registered in 0.003818 seconds.
Begin MonoManager ReloadAssembly
Native extension for WindowsStandalone target not found
Refreshing native plugins compatible for Editor in 0.58 ms, found 1 plugins.
Preloading 0 native plugins for Editor in 0.00 ms.
Mono: successfully reloaded assembly
- Completed reload, in  0.850 seconds
Platform modules already initialized, skipping
Refreshing native plugins compatible for Editor in 0.51 ms, found 1 plugins.
Preloading 0 native plugins for Editor in 0.00 ms.
Unloading 2701 Unused Serialized files (Serialized files now loaded: 0)
System memory in use before: 107.9 MB.
System memory in use after: 107.8 MB.

Unloading 11 unused Assets to reduce memory usage. Loaded Objects now: 3242.
Total: 2.619500 ms (FindLiveObjects: 0.434800 ms CreateObjectMapping: 0.224800 ms MarkObjects: 1.759900 ms  DeleteObjects: 0.198900 ms)

========================================================================
Received Prepare
Registering precompiled user dll's ...
Registered in 0.003827 seconds.
Begin MonoManager ReloadAssembly
Native extension for WindowsStandalone target not found
Refreshing native plugins compatible for Editor in 0.50 ms, found 1 plugins.
Preloading 0 native plugins for Editor in 0.00 ms.
Mono: successfully reloaded assembly
- Completed reload, in  0.837 seconds
Platform modules already initialized, skipping
Refreshing native plugins compatible for Editor in 0.48 ms, found 1 plugins.
Preloading 0 native plugins for Editor in 0.00 ms.
Unloading 2701 Unused Serialized files (Serialized files now loaded: 0)
System memory in use before: 107.9 MB.
System memory in use after: 107.9 MB.

Unloading 11 unused Assets to reduce memory usage. Loaded Objects now: 3245.
Total: 2.364000 ms (FindLiveObjects: 0.232600 ms CreateObjectMapping: 0.148900 ms MarkObjects: 1.776600 ms  DeleteObjects: 0.204900 ms)

========================================================================
Received Import Request.
  Time since last request: 678.911717 seconds.
  path: Assets/Supercyan Character Pack Free Sample/Scripts/SimpleSampleCharacterControl.cs
  artifactKey: Guid(ba158ff05cf30224f94bfdddec8e7635) Importer(815301076,1909f56bfc062723c751e8b465ee728b)
Start importing Assets/Supercyan Character Pack Free Sample/Scripts/SimpleSampleCharacterControl.cs using Guid(ba158ff05cf30224f94bfdddec8e7635) Importer(815301076,1909f56bfc062723c751e8b465ee728b)  -> (artifact id: '5159059d6d9b9f9c0ff6a92ea8e77c5a') in 0.009572 seconds 
========================================================================
Received Import Request.
  Time since last request: 22.461408 seconds.
  path: Assets/Supercyan Character Pack Free Sample/Scripts
  artifactKey: Guid(2d9f0bc7a285b164da6154f6fc8fbec9) Importer(815301076,1909f56bfc062723c751e8b465ee728b)
Start importing Assets/Supercyan Character Pack Free Sample/Scripts using Guid(2d9f0bc7a285b164da6154f6fc8fbec9) Importer(815301076,1909f56bfc062723c751e8b465ee728b)  -> (artifact id: '823e9977f19fc85f84a16d009a6c9889') in 0.002781 seconds 
========================================================================
Received Import Request.
  Time since last request: 5.783962 seconds.
  path: Assets/Supercyan Character Pack Free Sample/Scripts/Intruso.cs
  artifactKey: Guid(c9e0d15e5c4cdb644812c45fa7827ed8) Importer(815301076,1909f56bfc062723c751e8b465ee728b)
Start importing Assets/Supercyan Character Pack Free Sample/Scripts/Intruso.cs using Guid(c9e0d15e5c4cdb644812c45fa7827ed8) Importer(815301076,1909f56bfc062723c751e8b465ee728b)  -> (artifact id: 'ddd8a9f165d2d749a2dd58f1b8645a70') in 0.002618 seconds 
========================================================================
Received Prepare
Registering precompiled user dll's ...
Registered in 0.003595 seconds.
Begin MonoManager ReloadAssembly
Native extension for WindowsStandalone target not found
Refreshing native plugins compatible for Editor in 0.53 ms, found 1 plugins.
Preloading 0 native plugins for Editor in 0.00 ms.
Mono: successfully reloaded assembly
- Completed reload, in  0.840 seconds
Platform modules already initialized, skipping
Refreshing native plugins compatible for Editor in 0.56 ms, found 1 plugins.
Preloading 0 native plugins for Editor in 0.00 ms.
Unloading 2702 Unused Serialized files (Serialized files now loaded: 0)
System memory in use before: 108.0 MB.
System memory in use after: 107.9 MB.

Unloading 11 unused Assets to reduce memory usage. Loaded Objects now: 3249.
Total: 2.802000 ms (FindLiveObjects: 0.253200 ms CreateObjectMapping: 0.223900 ms MarkObjects: 2.118800 ms  DeleteObjects: 0.204900 ms)

========================================================================
Received Import Request.
  Time since last request: 11.087438 seconds.
  path: Assets/Supercyan Character Pack Free Sample/Scripts/Intruso.cs
  artifactKey: Guid(c9e0d15e5c4cdb644812c45fa7827ed8) Importer(815301076,1909f56bfc062723c751e8b465ee728b)
Start importing Assets/Supercyan Character Pack Free Sample/Scripts/Intruso.cs using Guid(c9e0d15e5c4cdb644812c45fa7827ed8) Importer(815301076,1909f56bfc062723c751e8b465ee728b)  -> (artifact id: '63ec5c0ef45af453eba9b17d0e26b62c') in 0.005029 seconds 
========================================================================
Received Prepare
Registering precompiled user dll's ...
Registered in 0.004483 seconds.
Begin MonoManager ReloadAssembly
Native extension for WindowsStandalone target not found
Refreshing native plugins compatible for Editor in 0.53 ms, found 1 plugins.
Preloading 0 native plugins for Editor in 0.00 ms.
Mono: successfully reloaded assembly
- Completed reload, in  0.821 seconds
Platform modules already initialized, skipping
Refreshing native plugins compatible for Editor in 0.53 ms, found 1 plugins.
Preloading 0 native plugins for Editor in 0.00 ms.
Unloading 2702 Unused Serialized files (Serialized files now loaded: 0)
System memory in use before: 108.0 MB.
System memory in use after: 107.9 MB.

Unloading 11 unused Assets to reduce memory usage. Loaded Objects now: 3252.
Total: 2.884800 ms (FindLiveObjects: 0.259000 ms CreateObjectMapping: 0.147800 ms MarkObjects: 2.263800 ms  DeleteObjects: 0.213100 ms)

========================================================================
Received Import Request.
  Time since last request: 614.914952 seconds.
  path: Assets/Supercyan Character Pack Free Sample/Scripts/Intruso.cs
  artifactKey: Guid(c9e0d15e5c4cdb644812c45fa7827ed8) Importer(815301076,1909f56bfc062723c751e8b465ee728b)
Start importing Assets/Supercyan Character Pack Free Sample/Scripts/Intruso.cs using Guid(c9e0d15e5c4cdb644812c45fa7827ed8) Importer(815301076,1909f56bfc062723c751e8b465ee728b)  -> (artifact id: '1fa9c1fb03dc6b72c4da8fa6e9b115a3') in 0.007667 seconds 
========================================================================
Received Prepare
Registering precompiled user dll's ...
Registered in 0.003694 seconds.
Begin MonoManager ReloadAssembly
Native extension for WindowsStandalone target not found
Refreshing native plugins compatible for Editor in 0.49 ms, found 1 plugins.
Preloading 0 native plugins for Editor in 0.00 ms.
Mono: successfully reloaded assembly
- Completed reload, in  0.803 seconds
Platform modules already initialized, skipping
Refreshing native plugins compatible for Editor in 0.81 ms, found 1 plugins.
Preloading 0 native plugins for Editor in 0.00 ms.
Unloading 2701 Unused Serialized files (Serialized files now loaded: 0)
System memory in use before: 108.0 MB.
System memory in use after: 107.9 MB.

Unloading 12 unused Assets to reduce memory usage. Loaded Objects now: 3254.
Total: 2.328200 ms (FindLiveObjects: 0.233300 ms CreateObjectMapping: 0.136000 ms MarkObjects: 1.692800 ms  DeleteObjects: 0.265000 ms)

========================================================================
Received Import Request.
  Time since last request: 32.686577 seconds.
  path: Assets/Scripts/Intruso.cs
  artifactKey: Guid(1bf006756b9253a469abcf79d4271efe) Importer(815301076,1909f56bfc062723c751e8b465ee728b)
Start importing Assets/Scripts/Intruso.cs using Guid(1bf006756b9253a469abcf79d4271efe) Importer(815301076,1909f56bfc062723c751e8b465ee728b)  -> (artifact id: '8c54006bc7e488de9f7ca3d7f125e156') in 0.005284 seconds 
========================================================================
Received Prepare
Registering precompiled user dll's ...
Registered in 0.003542 seconds.
Begin MonoManager ReloadAssembly
Native extension for WindowsStandalone target not found
Refreshing native plugins compatible for Editor in 0.51 ms, found 1 plugins.
Preloading 0 native plugins for Editor in 0.00 ms.
Mono: successfully reloaded assembly
- Completed reload, in  0.810 seconds
Platform modules already initialized, skipping
Refreshing native plugins compatible for Editor in 0.53 ms, found 1 plugins.
Preloading 0 native plugins for Editor in 0.00 ms.
Unloading 2702 Unused Serialized files (Serialized files now loaded: 0)
System memory in use before: 108.0 MB.
System memory in use after: 107.9 MB.

Unloading 11 unused Assets to reduce memory usage. Loaded Objects now: 3258.
Total: 2.893000 ms (FindLiveObjects: 0.258500 ms CreateObjectMapping: 0.168600 ms MarkObjects: 2.263700 ms  DeleteObjects: 0.201100 ms)

========================================================================
Received Import Request.
  Time since last request: 11.982248 seconds.
  path: Assets/Scripts/Intruso.cs
  artifactKey: Guid(1bf006756b9253a469abcf79d4271efe) Importer(815301076,1909f56bfc062723c751e8b465ee728b)
Start importing Assets/Scripts/Intruso.cs using Guid(1bf006756b9253a469abcf79d4271efe) Importer(815301076,1909f56bfc062723c751e8b465ee728b)  -> (artifact id: '32651b6d31a370f9396434e0808ce140') in 0.005558 seconds 
========================================================================
Received Import Request.
  Time since last request: 46.124035 seconds.
  path: Assets/Scripts/Intruso.cs
  artifactKey: Guid(1bf006756b9253a469abcf79d4271efe) Importer(815301076,1909f56bfc062723c751e8b465ee728b)
Start importing Assets/Scripts/Intruso.cs using Guid(1bf006756b9253a469abcf79d4271efe) Importer(815301076,1909f56bfc062723c751e8b465ee728b)  -> (artifact id: 'ea78d7168c846fec208314de2922b817') in 0.001943 seconds 
========================================================================
Received Import Request.
  Time since last request: 333.247274 seconds.
  path: Assets/Scripts/Intruso.cs
  artifactKey: Guid(1bf006756b9253a469abcf79d4271efe) Importer(815301076,1909f56bfc062723c751e8b465ee728b)
Start importing Assets/Scripts/Intruso.cs using Guid(1bf006756b9253a469abcf79d4271efe) Importer(815301076,1909f56bfc062723c751e8b465ee728b)  -> (artifact id: '2d49c5839ee0e56c29bf58286bc6c2c1') in 0.003107 seconds 
========================================================================
Received Import Request.
  Time since last request: 19.786817 seconds.
  path: Assets/Scripts/Intruso.cs
  artifactKey: Guid(1bf006756b9253a469abcf79d4271efe) Importer(815301076,1909f56bfc062723c751e8b465ee728b)
Start importing Assets/Scripts/Intruso.cs using Guid(1bf006756b9253a469abcf79d4271efe) Importer(815301076,1909f56bfc062723c751e8b465ee728b)  -> (artifact id: '8ebf7949dd5e40a314169319501410f4') in 0.003145 seconds 
========================================================================
Received Prepare
Registering precompiled user dll's ...
Registered in 0.003649 seconds.
Begin MonoManager ReloadAssembly
Native extension for WindowsStandalone target not found
Refreshing native plugins compatible for Editor in 0.57 ms, found 1 plugins.
Preloading 0 native plugins for Editor in 0.00 ms.
Mono: successfully reloaded assembly
- Completed reload, in  0.817 seconds
Platform modules already initialized, skipping
Refreshing native plugins compatible for Editor in 0.50 ms, found 1 plugins.
Preloading 0 native plugins for Editor in 0.00 ms.
Unloading 2702 Unused Serialized files (Serialized files now loaded: 0)
System memory in use before: 108.1 MB.
System memory in use after: 107.9 MB.

Unloading 11 unused Assets to reduce memory usage. Loaded Objects now: 3261.
Total: 2.322600 ms (FindLiveObjects: 0.234400 ms CreateObjectMapping: 0.136500 ms MarkObjects: 1.725900 ms  DeleteObjects: 0.224700 ms)

========================================================================
Received Prepare
Registering precompiled user dll's ...
Registered in 0.003716 seconds.
Begin MonoManager ReloadAssembly
Native extension for WindowsStandalone target not found
Refreshing native plugins compatible for Editor in 0.47 ms, found 1 plugins.
Preloading 0 native plugins for Editor in 0.00 ms.
Mono: successfully reloaded assembly
- Completed reload, in  0.787 seconds
Platform modules already initialized, skipping
Refreshing native plugins compatible for Editor in 0.53 ms, found 1 plugins.
Preloading 0 native plugins for Editor in 0.00 ms.
Unloading 2702 Unused Serialized files (Serialized files now loaded: 0)
System memory in use before: 108.0 MB.
System memory in use after: 108.0 MB.

Unloading 11 unused Assets to reduce memory usage. Loaded Objects now: 3264.
Total: 2.354800 ms (FindLiveObjects: 0.242900 ms CreateObjectMapping: 0.137200 ms MarkObjects: 1.786300 ms  DeleteObjects: 0.187300 ms)

========================================================================
Received Prepare
Registering precompiled user dll's ...
Registered in 0.004353 seconds.
Begin MonoManager ReloadAssembly
Native extension for WindowsStandalone target not found
Refreshing native plugins compatible for Editor in 0.57 ms, found 1 plugins.
Preloading 0 native plugins for Editor in 0.00 ms.
Mono: successfully reloaded assembly
- Completed reload, in  0.804 seconds
Platform modules already initialized, skipping
Refreshing native plugins compatible for Editor in 0.48 ms, found 1 plugins.
Preloading 0 native plugins for Editor in 0.00 ms.
Unloading 2702 Unused Serialized files (Serialized files now loaded: 0)
System memory in use before: 108.0 MB.
System memory in use after: 108.0 MB.

Unloading 11 unused Assets to reduce memory usage. Loaded Objects now: 3267.
Total: 2.327500 ms (FindLiveObjects: 0.233800 ms CreateObjectMapping: 0.144600 ms MarkObjects: 1.756400 ms  DeleteObjects: 0.191900 ms)

AssetImportWorkerClient::OnTransportError - code=2 error=End of file
